[2024-11-12T17:26:08.252221+01:00] installer.INFO: Matched route "{route}". {"route":"installer_home","route_parameters":{"_controller":"OrangeHRM\\Installer\\Controller\\HomeController::handle","_route":"installer_home"},"request_uri":"http://localhost:8081/orangehrm/installer/index.php/","method":"GET"} []
[2024-11-12T17:26:08.468275+01:00] installer.INFO: Matched route "{route}". {"route":"installer_welcome","route_parameters":{"_controller":"OrangeHRM\\Installer\\Controller\\WelcomeController::handle","_route":"installer_welcome"},"request_uri":"http://localhost:8081/orangehrm/installer/index.php/welcome","method":"GET"} []
[2024-11-12T17:26:14.385209+01:00] installer.INFO: Matched route "{route}". {"route":"installer_licence_acceptance","route_parameters":{"_controller":"OrangeHRM\\Installer\\Controller\\Installer\\LicenceAcceptanceController::handle","_route":"installer_licence_acceptance"},"request_uri":"http://localhost:8081/orangehrm/installer/index.php/installer/licence-acceptance","method":"GET"} []
[2024-11-12T17:26:22.591916+01:00] installer.INFO: Matched route "{route}". {"route":"installer_database_config","route_parameters":{"_controller":"OrangeHRM\\Installer\\Controller\\Installer\\DatabaseConfigController::handle","_route":"installer_database_config"},"request_uri":"http://localhost:8081/orangehrm/installer/index.php/installer/database-config","method":"GET"} []
[2024-11-12T17:26:23.154534+01:00] installer.INFO: Matched route "{route}". {"route":"api_installer_database_config","route_parameters":{"_controller":"OrangeHRM\\Installer\\Controller\\Installer\\Api\\DatabaseConfigAPI::handle","_route":"api_installer_database_config"},"request_uri":"http://localhost:8081/orangehrm/installer/index.php/installer/api/database-config","method":"GET"} []
[2024-11-12T17:27:04.631273+01:00] installer.INFO: Matched route "{route}". {"route":"api_installer_database_config","route_parameters":{"_controller":"OrangeHRM\\Installer\\Controller\\Installer\\Api\\DatabaseConfigAPI::handle","_route":"api_installer_database_config"},"request_uri":"http://localhost:8081/orangehrm/installer/index.php/installer/api/database-config","method":"POST"} []
[2024-11-12T17:27:04.734668+01:00] installer.INFO: Instance details: {"os":{"os":"Windows NT","release_name":"10.0","version_info":"build 19043 (Windows 10)"},"php":{"version":"8.0.30"},"mysql":{"client_version":"mysqlnd 8.0.30","server_version":"5.7.11","conn_type":"localhost via TCP\/IP"},"server":"Apache\/2.4.58 (Win64) OpenSSL\/3.1.3 PHP\/8.0.30","ohrm":{"version":"5.6.1"}} [] []
[2024-11-12T17:27:04.984933+01:00] installer.INFO: Matched route "{route}". {"route":"installer_system_check","route_parameters":{"_controller":"OrangeHRM\\Installer\\Controller\\Installer\\SystemCheckController::handle","_route":"installer_system_check"},"request_uri":"http://localhost:8081/orangehrm/installer/index.php/installer/system-check","method":"GET"} []
[2024-11-12T17:27:05.584693+01:00] installer.INFO: Matched route "{route}". {"route":"api_installer_system_check","route_parameters":{"_controller":"OrangeHRM\\Installer\\Controller\\Installer\\Api\\SystemCheckAPI::handle","_route":"api_installer_system_check"},"request_uri":"http://localhost:8081/orangehrm/installer/index.php/installer/api/system-check","method":"GET"} []
[2024-11-12T17:27:14.751195+01:00] installer.INFO: Matched route "{route}". {"route":"installer_instance_creation","route_parameters":{"_controller":"OrangeHRM\\Installer\\Controller\\Installer\\InstanceCreationController::handle","_route":"installer_instance_creation"},"request_uri":"http://localhost:8081/orangehrm/installer/index.php/installer/instance-creation","method":"GET"} []
[2024-11-12T17:27:15.277827+01:00] installer.INFO: Matched route "{route}". {"route":"api_installer_countries","route_parameters":{"_controller":"OrangeHRM\\Installer\\Controller\\Installer\\Api\\CountryAPI::handle","_route":"api_installer_countries"},"request_uri":"http://localhost:8081/orangehrm/installer/index.php/installer/api/countries","method":"GET"} []
[2024-11-12T17:27:15.486223+01:00] installer.INFO: Matched route "{route}". {"route":"api_installer_languages","route_parameters":{"_controller":"OrangeHRM\\Installer\\Controller\\Installer\\Api\\LanguageAPI::handle","_route":"api_installer_languages"},"request_uri":"http://localhost:8081/orangehrm/installer/index.php/installer/api/languages","method":"GET"} []
[2024-11-12T17:27:15.674676+01:00] installer.INFO: Matched route "{route}". {"route":"api_installer_timezones","route_parameters":{"_controller":"OrangeHRM\\Installer\\Controller\\Installer\\Api\\TimezoneAPI::handle","_route":"api_installer_timezones"},"request_uri":"http://localhost:8081/orangehrm/installer/index.php/installer/api/timezones","method":"GET"} []
[2024-11-12T17:27:15.903356+01:00] installer.INFO: Matched route "{route}". {"route":"api_installer_instance","route_parameters":{"_controller":"OrangeHRM\\Installer\\Controller\\Installer\\Api\\InstanceAPI::handle","_route":"api_installer_instance"},"request_uri":"http://localhost:8081/orangehrm/installer/index.php/installer/api/instance","method":"GET"} []
[2024-11-12T17:28:00.437832+01:00] installer.INFO: Matched route "{route}". {"route":"api_installer_instance","route_parameters":{"_controller":"OrangeHRM\\Installer\\Controller\\Installer\\Api\\InstanceAPI::handle","_route":"api_installer_instance"},"request_uri":"http://localhost:8081/orangehrm/installer/index.php/installer/api/instance","method":"POST"} []
[2024-11-12T17:28:00.673220+01:00] installer.INFO: Matched route "{route}". {"route":"installer_admin_user_creation","route_parameters":{"_controller":"OrangeHRM\\Installer\\Controller\\Installer\\AdminUserCreationController::handle","_route":"installer_admin_user_creation"},"request_uri":"http://localhost:8081/orangehrm/installer/index.php/installer/admin-user-creation","method":"GET"} []
[2024-11-12T17:28:01.250612+01:00] installer.INFO: Matched route "{route}". {"route":"api_installer_admin_user","route_parameters":{"_controller":"OrangeHRM\\Installer\\Controller\\Installer\\Api\\AdminUserAPI::handle","_route":"api_installer_admin_user"},"request_uri":"http://localhost:8081/orangehrm/installer/index.php/installer/api/admin-user","method":"GET"} []
[2024-11-12T17:29:09.947623+01:00] installer.INFO: Matched route "{route}". {"route":"api_installer_admin_user","route_parameters":{"_controller":"OrangeHRM\\Installer\\Controller\\Installer\\Api\\AdminUserAPI::handle","_route":"api_installer_admin_user"},"request_uri":"http://localhost:8081/orangehrm/installer/index.php/installer/api/admin-user","method":"POST"} []
[2024-11-12T17:29:10.197468+01:00] installer.INFO: Matched route "{route}". {"route":"installer_confirmation","route_parameters":{"_controller":"OrangeHRM\\Installer\\Controller\\Installer\\ConfirmationController::handle","_route":"installer_confirmation"},"request_uri":"http://localhost:8081/orangehrm/installer/index.php/installer/confirmation","method":"GET"} []
[2024-11-12T17:29:10.740446+01:00] installer.INFO: Matched route "{route}". {"route":"api_installer_database_config","route_parameters":{"_controller":"OrangeHRM\\Installer\\Controller\\Installer\\Api\\DatabaseConfigAPI::handle","_route":"api_installer_database_config"},"request_uri":"http://localhost:8081/orangehrm/installer/index.php/installer/api/database-config","method":"GET"} []
[2024-11-12T17:29:10.986262+01:00] installer.INFO: Matched route "{route}". {"route":"api_installer_admin_user","route_parameters":{"_controller":"OrangeHRM\\Installer\\Controller\\Installer\\Api\\AdminUserAPI::handle","_route":"api_installer_admin_user"},"request_uri":"http://localhost:8081/orangehrm/installer/index.php/installer/api/admin-user","method":"GET"} []
[2024-11-12T17:29:16.650456+01:00] installer.INFO: Matched route "{route}". {"route":"installer_process","route_parameters":{"_controller":"OrangeHRM\\Installer\\Controller\\Installer\\InstallerController::handle","_route":"installer_process"},"request_uri":"http://localhost:8081/orangehrm/installer/index.php/installer/process","method":"GET"} []
[2024-11-12T17:29:17.334317+01:00] installer.INFO: Matched route "{route}". {"route":"api_installer_start_registration","route_parameters":{"_controller":"OrangeHRM\\Installer\\Controller\\Installer\\Api\\InstallerDataRegistrationAPI::handle","_route":"api_installer_start_registration"},"request_uri":"http://localhost:8081/orangehrm/installer/index.php/installer/api/send-data/installer-start","method":"POST"} []
[2024-11-12T17:29:18.771805+01:00] installer.INFO: Matched route "{route}". {"route":"api_installer_database","route_parameters":{"_controller":"OrangeHRM\\Installer\\Controller\\Installer\\Api\\InstallationDatabaseAPI::handle","_route":"api_installer_database"},"request_uri":"http://localhost:8081/orangehrm/installer/index.php/installer/api/installation/database","method":"POST"} []
[2024-11-12T17:29:18.933588+01:00] installer.INFO: Instance details: {"os":{"os":"Windows NT","release_name":"10.0","version_info":"build 19043 (Windows 10)"},"php":{"version":"8.0.30"},"mysql":{"client_version":"mysqlnd 8.0.30","server_version":"5.7.11","conn_type":"localhost via TCP\/IP"},"server":"Apache\/2.4.58 (Win64) OpenSSL\/3.1.3 PHP\/8.0.30","ohrm":{"version":"5.6.1"}} [] []
[2024-11-12T17:29:19.193557+01:00] installer.INFO: Matched route "{route}". {"route":"api_installer_pre_migration_check","route_parameters":{"_controller":"OrangeHRM\\Installer\\Controller\\Installer\\Api\\PreMigrationCheck::handle","_route":"api_installer_pre_migration_check"},"request_uri":"http://localhost:8081/orangehrm/installer/index.php/installer/api/installation/pre-migration","method":"POST"} []
[2024-11-12T17:29:19.274929+01:00] installer.INFO: Instance details: {"os":{"os":"Windows NT","release_name":"10.0","version_info":"build 19043 (Windows 10)"},"php":{"version":"8.0.30"},"mysql":{"client_version":"mysqlnd 8.0.30","server_version":"5.7.11","conn_type":"localhost via TCP\/IP"},"server":"Apache\/2.4.58 (Win64) OpenSSL\/3.1.3 PHP\/8.0.30","ohrm":{"version":"5.6.1"}} [] []
[2024-11-12T17:29:20.136800+01:00] installer.INFO: Matched route "{route}". {"route":"api_installer_versions","route_parameters":{"_controller":"OrangeHRM\\Installer\\Controller\\Installer\\Api\\VersionAPI::handle","_route":"api_installer_versions"},"request_uri":"http://localhost:8081/orangehrm/installer/index.php/installer/api/versions?excludeLatest=false","method":"GET"} []
[2024-11-12T17:29:20.343931+01:00] installer.INFO: Matched route "{route}". {"route":"api_installer_migration","route_parameters":{"_controller":"OrangeHRM\\Installer\\Controller\\Installer\\Api\\MigrationAPI::handle","_route":"api_installer_migration"},"request_uri":"http://localhost:8081/orangehrm/installer/index.php/installer/api/installation/migration","method":"POST"} []
[2024-11-12T17:29:20.360291+01:00] installer.INFO: {"version":"3.3.3"} [] []
[2024-11-12T17:29:20.416563+01:00] installer.INFO: Instance details: {"os":{"os":"Windows NT","release_name":"10.0","version_info":"build 19043 (Windows 10)"},"php":{"version":"8.0.30"},"mysql":{"client_version":"mysqlnd 8.0.30","server_version":"5.7.11","conn_type":"localhost via TCP\/IP"},"server":"Apache\/2.4.58 (Win64) OpenSSL\/3.1.3 PHP\/8.0.30","ohrm":{"version":"5.6.1"}} [] []
[2024-11-12T17:29:20.470867+01:00] installer.INFO: set_time_limit: success [] []
[2024-11-12T17:29:34.910169+01:00] installer.INFO: Matched route "{route}". {"route":"api_installer_migration","route_parameters":{"_controller":"OrangeHRM\\Installer\\Controller\\Installer\\Api\\MigrationAPI::handle","_route":"api_installer_migration"},"request_uri":"http://localhost:8081/orangehrm/installer/index.php/installer/api/installation/migration","method":"POST"} []
[2024-11-12T17:29:34.925414+01:00] installer.INFO: {"version":"4.0"} [] []
[2024-11-12T17:29:34.985750+01:00] installer.INFO: Instance details: {"os":{"os":"Windows NT","release_name":"10.0","version_info":"build 19043 (Windows 10)"},"php":{"version":"8.0.30"},"mysql":{"client_version":"mysqlnd 8.0.30","server_version":"5.7.11","conn_type":"localhost via TCP\/IP"},"server":"Apache\/2.4.58 (Win64) OpenSSL\/3.1.3 PHP\/8.0.30","ohrm":{"version":"5.6.1"}} [] []
[2024-11-12T17:29:35.018470+01:00] installer.INFO: set_time_limit: success [] []
[2024-11-12T17:29:36.052512+01:00] installer.INFO: Matched route "{route}". {"route":"api_installer_migration","route_parameters":{"_controller":"OrangeHRM\\Installer\\Controller\\Installer\\Api\\MigrationAPI::handle","_route":"api_installer_migration"},"request_uri":"http://localhost:8081/orangehrm/installer/index.php/installer/api/installation/migration","method":"POST"} []
[2024-11-12T17:29:36.067393+01:00] installer.INFO: {"version":"4.1"} [] []
[2024-11-12T17:29:36.156185+01:00] installer.INFO: Instance details: {"os":{"os":"Windows NT","release_name":"10.0","version_info":"build 19043 (Windows 10)"},"php":{"version":"8.0.30"},"mysql":{"client_version":"mysqlnd 8.0.30","server_version":"5.7.11","conn_type":"localhost via TCP\/IP"},"server":"Apache\/2.4.58 (Win64) OpenSSL\/3.1.3 PHP\/8.0.30","ohrm":{"version":"5.6.1"}} [] []
[2024-11-12T17:29:36.195194+01:00] installer.INFO: set_time_limit: success [] []
[2024-11-12T17:29:40.859463+01:00] installer.INFO: Matched route "{route}". {"route":"api_installer_migration","route_parameters":{"_controller":"OrangeHRM\\Installer\\Controller\\Installer\\Api\\MigrationAPI::handle","_route":"api_installer_migration"},"request_uri":"http://localhost:8081/orangehrm/installer/index.php/installer/api/installation/migration","method":"POST"} []
[2024-11-12T17:29:40.883502+01:00] installer.INFO: {"version":"4.1.1"} [] []
[2024-11-12T17:29:40.948329+01:00] installer.INFO: Instance details: {"os":{"os":"Windows NT","release_name":"10.0","version_info":"build 19043 (Windows 10)"},"php":{"version":"8.0.30"},"mysql":{"client_version":"mysqlnd 8.0.30","server_version":"5.7.11","conn_type":"localhost via TCP\/IP"},"server":"Apache\/2.4.58 (Win64) OpenSSL\/3.1.3 PHP\/8.0.30","ohrm":{"version":"5.6.1"}} [] []
[2024-11-12T17:29:40.975787+01:00] installer.INFO: set_time_limit: success [] []
[2024-11-12T17:29:43.113704+01:00] installer.INFO: Matched route "{route}". {"route":"api_installer_migration","route_parameters":{"_controller":"OrangeHRM\\Installer\\Controller\\Installer\\Api\\MigrationAPI::handle","_route":"api_installer_migration"},"request_uri":"http://localhost:8081/orangehrm/installer/index.php/installer/api/installation/migration","method":"POST"} []
[2024-11-12T17:29:43.129479+01:00] installer.INFO: {"version":"4.1.2"} [] []
[2024-11-12T17:29:43.199704+01:00] installer.INFO: Instance details: {"os":{"os":"Windows NT","release_name":"10.0","version_info":"build 19043 (Windows 10)"},"php":{"version":"8.0.30"},"mysql":{"client_version":"mysqlnd 8.0.30","server_version":"5.7.11","conn_type":"localhost via TCP\/IP"},"server":"Apache\/2.4.58 (Win64) OpenSSL\/3.1.3 PHP\/8.0.30","ohrm":{"version":"5.6.1"}} [] []
[2024-11-12T17:29:43.227402+01:00] installer.INFO: set_time_limit: success [] []
[2024-11-12T17:29:44.520349+01:00] installer.INFO: Matched route "{route}". {"route":"api_installer_migration","route_parameters":{"_controller":"OrangeHRM\\Installer\\Controller\\Installer\\Api\\MigrationAPI::handle","_route":"api_installer_migration"},"request_uri":"http://localhost:8081/orangehrm/installer/index.php/installer/api/installation/migration","method":"POST"} []
[2024-11-12T17:29:44.543712+01:00] installer.INFO: {"version":"4.1.2.1"} [] []
[2024-11-12T17:29:44.639389+01:00] installer.INFO: Instance details: {"os":{"os":"Windows NT","release_name":"10.0","version_info":"build 19043 (Windows 10)"},"php":{"version":"8.0.30"},"mysql":{"client_version":"mysqlnd 8.0.30","server_version":"5.7.11","conn_type":"localhost via TCP\/IP"},"server":"Apache\/2.4.58 (Win64) OpenSSL\/3.1.3 PHP\/8.0.30","ohrm":{"version":"5.6.1"}} [] []
[2024-11-12T17:29:44.665174+01:00] installer.INFO: set_time_limit: success [] []
[2024-11-12T17:29:45.688309+01:00] installer.INFO: Matched route "{route}". {"route":"api_installer_migration","route_parameters":{"_controller":"OrangeHRM\\Installer\\Controller\\Installer\\Api\\MigrationAPI::handle","_route":"api_installer_migration"},"request_uri":"http://localhost:8081/orangehrm/installer/index.php/installer/api/installation/migration","method":"POST"} []
[2024-11-12T17:29:45.704315+01:00] installer.INFO: {"version":"4.2"} [] []
[2024-11-12T17:29:45.786109+01:00] installer.INFO: Instance details: {"os":{"os":"Windows NT","release_name":"10.0","version_info":"build 19043 (Windows 10)"},"php":{"version":"8.0.30"},"mysql":{"client_version":"mysqlnd 8.0.30","server_version":"5.7.11","conn_type":"localhost via TCP\/IP"},"server":"Apache\/2.4.58 (Win64) OpenSSL\/3.1.3 PHP\/8.0.30","ohrm":{"version":"5.6.1"}} [] []
[2024-11-12T17:29:45.811469+01:00] installer.INFO: set_time_limit: success [] []
[2024-11-12T17:29:47.260342+01:00] installer.INFO: Matched route "{route}". {"route":"api_installer_migration","route_parameters":{"_controller":"OrangeHRM\\Installer\\Controller\\Installer\\Api\\MigrationAPI::handle","_route":"api_installer_migration"},"request_uri":"http://localhost:8081/orangehrm/installer/index.php/installer/api/installation/migration","method":"POST"} []
[2024-11-12T17:29:47.275868+01:00] installer.INFO: {"version":"4.2.0.1"} [] []
[2024-11-12T17:29:47.361396+01:00] installer.INFO: Instance details: {"os":{"os":"Windows NT","release_name":"10.0","version_info":"build 19043 (Windows 10)"},"php":{"version":"8.0.30"},"mysql":{"client_version":"mysqlnd 8.0.30","server_version":"5.7.11","conn_type":"localhost via TCP\/IP"},"server":"Apache\/2.4.58 (Win64) OpenSSL\/3.1.3 PHP\/8.0.30","ohrm":{"version":"5.6.1"}} [] []
[2024-11-12T17:29:47.411027+01:00] installer.INFO: set_time_limit: success [] []
[2024-11-12T17:29:48.552269+01:00] installer.INFO: Matched route "{route}". {"route":"api_installer_migration","route_parameters":{"_controller":"OrangeHRM\\Installer\\Controller\\Installer\\Api\\MigrationAPI::handle","_route":"api_installer_migration"},"request_uri":"http://localhost:8081/orangehrm/installer/index.php/installer/api/installation/migration","method":"POST"} []
[2024-11-12T17:29:48.571747+01:00] installer.INFO: {"version":"4.3"} [] []
[2024-11-12T17:29:48.666099+01:00] installer.INFO: Instance details: {"os":{"os":"Windows NT","release_name":"10.0","version_info":"build 19043 (Windows 10)"},"php":{"version":"8.0.30"},"mysql":{"client_version":"mysqlnd 8.0.30","server_version":"5.7.11","conn_type":"localhost via TCP\/IP"},"server":"Apache\/2.4.58 (Win64) OpenSSL\/3.1.3 PHP\/8.0.30","ohrm":{"version":"5.6.1"}} [] []
[2024-11-12T17:29:48.692273+01:00] installer.INFO: set_time_limit: success [] []
[2024-11-12T17:29:49.882382+01:00] installer.INFO: Matched route "{route}". {"route":"api_installer_migration","route_parameters":{"_controller":"OrangeHRM\\Installer\\Controller\\Installer\\Api\\MigrationAPI::handle","_route":"api_installer_migration"},"request_uri":"http://localhost:8081/orangehrm/installer/index.php/installer/api/installation/migration","method":"POST"} []
[2024-11-12T17:29:49.897951+01:00] installer.INFO: {"version":"4.3.1"} [] []
[2024-11-12T17:29:49.997642+01:00] installer.INFO: Instance details: {"os":{"os":"Windows NT","release_name":"10.0","version_info":"build 19043 (Windows 10)"},"php":{"version":"8.0.30"},"mysql":{"client_version":"mysqlnd 8.0.30","server_version":"5.7.11","conn_type":"localhost via TCP\/IP"},"server":"Apache\/2.4.58 (Win64) OpenSSL\/3.1.3 PHP\/8.0.30","ohrm":{"version":"5.6.1"}} [] []
[2024-11-12T17:29:50.039118+01:00] installer.INFO: set_time_limit: success [] []
[2024-11-12T17:29:51.129036+01:00] installer.INFO: Matched route "{route}". {"route":"api_installer_migration","route_parameters":{"_controller":"OrangeHRM\\Installer\\Controller\\Installer\\Api\\MigrationAPI::handle","_route":"api_installer_migration"},"request_uri":"http://localhost:8081/orangehrm/installer/index.php/installer/api/installation/migration","method":"POST"} []
[2024-11-12T17:29:51.143267+01:00] installer.INFO: {"version":"4.3.2"} [] []
[2024-11-12T17:29:51.212018+01:00] installer.INFO: Instance details: {"os":{"os":"Windows NT","release_name":"10.0","version_info":"build 19043 (Windows 10)"},"php":{"version":"8.0.30"},"mysql":{"client_version":"mysqlnd 8.0.30","server_version":"5.7.11","conn_type":"localhost via TCP\/IP"},"server":"Apache\/2.4.58 (Win64) OpenSSL\/3.1.3 PHP\/8.0.30","ohrm":{"version":"5.6.1"}} [] []
[2024-11-12T17:29:51.232730+01:00] installer.INFO: set_time_limit: success [] []
[2024-11-12T17:29:52.390848+01:00] installer.INFO: Matched route "{route}". {"route":"api_installer_migration","route_parameters":{"_controller":"OrangeHRM\\Installer\\Controller\\Installer\\Api\\MigrationAPI::handle","_route":"api_installer_migration"},"request_uri":"http://localhost:8081/orangehrm/installer/index.php/installer/api/installation/migration","method":"POST"} []
[2024-11-12T17:29:52.406534+01:00] installer.INFO: {"version":"4.3.3"} [] []
[2024-11-12T17:29:52.473354+01:00] installer.INFO: Instance details: {"os":{"os":"Windows NT","release_name":"10.0","version_info":"build 19043 (Windows 10)"},"php":{"version":"8.0.30"},"mysql":{"client_version":"mysqlnd 8.0.30","server_version":"5.7.11","conn_type":"localhost via TCP\/IP"},"server":"Apache\/2.4.58 (Win64) OpenSSL\/3.1.3 PHP\/8.0.30","ohrm":{"version":"5.6.1"}} [] []
[2024-11-12T17:29:52.513096+01:00] installer.INFO: set_time_limit: success [] []
[2024-11-12T17:30:13.890984+01:00] installer.INFO: Matched route "{route}". {"route":"api_installer_migration","route_parameters":{"_controller":"OrangeHRM\\Installer\\Controller\\Installer\\Api\\MigrationAPI::handle","_route":"api_installer_migration"},"request_uri":"http://localhost:8081/orangehrm/installer/index.php/installer/api/installation/migration","method":"POST"} []
[2024-11-12T17:30:13.906804+01:00] installer.INFO: {"version":"4.3.4"} [] []
[2024-11-12T17:30:13.975955+01:00] installer.INFO: Instance details: {"os":{"os":"Windows NT","release_name":"10.0","version_info":"build 19043 (Windows 10)"},"php":{"version":"8.0.30"},"mysql":{"client_version":"mysqlnd 8.0.30","server_version":"5.7.11","conn_type":"localhost via TCP\/IP"},"server":"Apache\/2.4.58 (Win64) OpenSSL\/3.1.3 PHP\/8.0.30","ohrm":{"version":"5.6.1"}} [] []
[2024-11-12T17:30:14.000146+01:00] installer.INFO: set_time_limit: success [] []
[2024-11-12T17:30:15.107500+01:00] installer.INFO: Matched route "{route}". {"route":"api_installer_migration","route_parameters":{"_controller":"OrangeHRM\\Installer\\Controller\\Installer\\Api\\MigrationAPI::handle","_route":"api_installer_migration"},"request_uri":"http://localhost:8081/orangehrm/installer/index.php/installer/api/installation/migration","method":"POST"} []
[2024-11-12T17:30:15.122476+01:00] installer.INFO: {"version":"4.3.5"} [] []
[2024-11-12T17:30:15.214247+01:00] installer.INFO: Instance details: {"os":{"os":"Windows NT","release_name":"10.0","version_info":"build 19043 (Windows 10)"},"php":{"version":"8.0.30"},"mysql":{"client_version":"mysqlnd 8.0.30","server_version":"5.7.11","conn_type":"localhost via TCP\/IP"},"server":"Apache\/2.4.58 (Win64) OpenSSL\/3.1.3 PHP\/8.0.30","ohrm":{"version":"5.6.1"}} [] []
[2024-11-12T17:30:15.255126+01:00] installer.INFO: set_time_limit: success [] []
[2024-11-12T17:30:16.387335+01:00] installer.INFO: Matched route "{route}". {"route":"api_installer_migration","route_parameters":{"_controller":"OrangeHRM\\Installer\\Controller\\Installer\\Api\\MigrationAPI::handle","_route":"api_installer_migration"},"request_uri":"http://localhost:8081/orangehrm/installer/index.php/installer/api/installation/migration","method":"POST"} []
[2024-11-12T17:30:16.402335+01:00] installer.INFO: {"version":"4.4"} [] []
[2024-11-12T17:30:16.458554+01:00] installer.INFO: Instance details: {"os":{"os":"Windows NT","release_name":"10.0","version_info":"build 19043 (Windows 10)"},"php":{"version":"8.0.30"},"mysql":{"client_version":"mysqlnd 8.0.30","server_version":"5.7.11","conn_type":"localhost via TCP\/IP"},"server":"Apache\/2.4.58 (Win64) OpenSSL\/3.1.3 PHP\/8.0.30","ohrm":{"version":"5.6.1"}} [] []
[2024-11-12T17:30:16.484358+01:00] installer.INFO: set_time_limit: success [] []
[2024-11-12T17:30:19.208567+01:00] installer.INFO: Matched route "{route}". {"route":"api_installer_migration","route_parameters":{"_controller":"OrangeHRM\\Installer\\Controller\\Installer\\Api\\MigrationAPI::handle","_route":"api_installer_migration"},"request_uri":"http://localhost:8081/orangehrm/installer/index.php/installer/api/installation/migration","method":"POST"} []
[2024-11-12T17:30:19.223934+01:00] installer.INFO: {"version":"4.5"} [] []
[2024-11-12T17:30:19.278055+01:00] installer.INFO: Instance details: {"os":{"os":"Windows NT","release_name":"10.0","version_info":"build 19043 (Windows 10)"},"php":{"version":"8.0.30"},"mysql":{"client_version":"mysqlnd 8.0.30","server_version":"5.7.11","conn_type":"localhost via TCP\/IP"},"server":"Apache\/2.4.58 (Win64) OpenSSL\/3.1.3 PHP\/8.0.30","ohrm":{"version":"5.6.1"}} [] []
[2024-11-12T17:30:19.305762+01:00] installer.INFO: set_time_limit: success [] []
[2024-11-12T17:30:20.743080+01:00] installer.INFO: Matched route "{route}". {"route":"api_installer_migration","route_parameters":{"_controller":"OrangeHRM\\Installer\\Controller\\Installer\\Api\\MigrationAPI::handle","_route":"api_installer_migration"},"request_uri":"http://localhost:8081/orangehrm/installer/index.php/installer/api/installation/migration","method":"POST"} []
[2024-11-12T17:30:20.758344+01:00] installer.INFO: {"version":"4.6"} [] []
[2024-11-12T17:30:20.831597+01:00] installer.INFO: Instance details: {"os":{"os":"Windows NT","release_name":"10.0","version_info":"build 19043 (Windows 10)"},"php":{"version":"8.0.30"},"mysql":{"client_version":"mysqlnd 8.0.30","server_version":"5.7.11","conn_type":"localhost via TCP\/IP"},"server":"Apache\/2.4.58 (Win64) OpenSSL\/3.1.3 PHP\/8.0.30","ohrm":{"version":"5.6.1"}} [] []
[2024-11-12T17:30:20.868762+01:00] installer.INFO: set_time_limit: success [] []
[2024-11-12T17:30:24.003430+01:00] installer.INFO: Matched route "{route}". {"route":"api_installer_migration","route_parameters":{"_controller":"OrangeHRM\\Installer\\Controller\\Installer\\Api\\MigrationAPI::handle","_route":"api_installer_migration"},"request_uri":"http://localhost:8081/orangehrm/installer/index.php/installer/api/installation/migration","method":"POST"} []
[2024-11-12T17:30:24.024861+01:00] installer.INFO: {"version":"4.6.0.1"} [] []
[2024-11-12T17:30:24.080019+01:00] installer.INFO: Instance details: {"os":{"os":"Windows NT","release_name":"10.0","version_info":"build 19043 (Windows 10)"},"php":{"version":"8.0.30"},"mysql":{"client_version":"mysqlnd 8.0.30","server_version":"5.7.11","conn_type":"localhost via TCP\/IP"},"server":"Apache\/2.4.58 (Win64) OpenSSL\/3.1.3 PHP\/8.0.30","ohrm":{"version":"5.6.1"}} [] []
[2024-11-12T17:30:24.108274+01:00] installer.INFO: set_time_limit: success [] []
[2024-11-12T17:30:25.226390+01:00] installer.INFO: Matched route "{route}". {"route":"api_installer_migration","route_parameters":{"_controller":"OrangeHRM\\Installer\\Controller\\Installer\\Api\\MigrationAPI::handle","_route":"api_installer_migration"},"request_uri":"http://localhost:8081/orangehrm/installer/index.php/installer/api/installation/migration","method":"POST"} []
[2024-11-12T17:30:25.242493+01:00] installer.INFO: {"version":"4.7"} [] []
[2024-11-12T17:30:25.297002+01:00] installer.INFO: Instance details: {"os":{"os":"Windows NT","release_name":"10.0","version_info":"build 19043 (Windows 10)"},"php":{"version":"8.0.30"},"mysql":{"client_version":"mysqlnd 8.0.30","server_version":"5.7.11","conn_type":"localhost via TCP\/IP"},"server":"Apache\/2.4.58 (Win64) OpenSSL\/3.1.3 PHP\/8.0.30","ohrm":{"version":"5.6.1"}} [] []
[2024-11-12T17:30:25.321893+01:00] installer.INFO: set_time_limit: success [] []
[2024-11-12T17:30:26.522066+01:00] installer.INFO: Matched route "{route}". {"route":"api_installer_migration","route_parameters":{"_controller":"OrangeHRM\\Installer\\Controller\\Installer\\Api\\MigrationAPI::handle","_route":"api_installer_migration"},"request_uri":"http://localhost:8081/orangehrm/installer/index.php/installer/api/installation/migration","method":"POST"} []
[2024-11-12T17:30:26.539354+01:00] installer.INFO: {"version":"4.8"} [] []
[2024-11-12T17:30:26.603386+01:00] installer.INFO: Instance details: {"os":{"os":"Windows NT","release_name":"10.0","version_info":"build 19043 (Windows 10)"},"php":{"version":"8.0.30"},"mysql":{"client_version":"mysqlnd 8.0.30","server_version":"5.7.11","conn_type":"localhost via TCP\/IP"},"server":"Apache\/2.4.58 (Win64) OpenSSL\/3.1.3 PHP\/8.0.30","ohrm":{"version":"5.6.1"}} [] []
[2024-11-12T17:30:26.630692+01:00] installer.INFO: set_time_limit: success [] []
[2024-11-12T17:30:27.885988+01:00] installer.INFO: Matched route "{route}". {"route":"api_installer_migration","route_parameters":{"_controller":"OrangeHRM\\Installer\\Controller\\Installer\\Api\\MigrationAPI::handle","_route":"api_installer_migration"},"request_uri":"http://localhost:8081/orangehrm/installer/index.php/installer/api/installation/migration","method":"POST"} []
[2024-11-12T17:30:27.903885+01:00] installer.INFO: {"version":"4.9"} [] []
[2024-11-12T17:30:27.974283+01:00] installer.INFO: Instance details: {"os":{"os":"Windows NT","release_name":"10.0","version_info":"build 19043 (Windows 10)"},"php":{"version":"8.0.30"},"mysql":{"client_version":"mysqlnd 8.0.30","server_version":"5.7.11","conn_type":"localhost via TCP\/IP"},"server":"Apache\/2.4.58 (Win64) OpenSSL\/3.1.3 PHP\/8.0.30","ohrm":{"version":"5.6.1"}} [] []
[2024-11-12T17:30:28.008071+01:00] installer.INFO: set_time_limit: success [] []
[2024-11-12T17:30:30.560220+01:00] installer.INFO: Matched route "{route}". {"route":"api_installer_migration","route_parameters":{"_controller":"OrangeHRM\\Installer\\Controller\\Installer\\Api\\MigrationAPI::handle","_route":"api_installer_migration"},"request_uri":"http://localhost:8081/orangehrm/installer/index.php/installer/api/installation/migration","method":"POST"} []
[2024-11-12T17:30:30.575350+01:00] installer.INFO: {"version":"4.10"} [] []
[2024-11-12T17:30:30.693179+01:00] installer.INFO: Instance details: {"os":{"os":"Windows NT","release_name":"10.0","version_info":"build 19043 (Windows 10)"},"php":{"version":"8.0.30"},"mysql":{"client_version":"mysqlnd 8.0.30","server_version":"5.7.11","conn_type":"localhost via TCP\/IP"},"server":"Apache\/2.4.58 (Win64) OpenSSL\/3.1.3 PHP\/8.0.30","ohrm":{"version":"5.6.1"}} [] []
[2024-11-12T17:30:30.740794+01:00] installer.INFO: set_time_limit: success [] []
[2024-11-12T17:30:31.953769+01:00] installer.INFO: Matched route "{route}". {"route":"api_installer_migration","route_parameters":{"_controller":"OrangeHRM\\Installer\\Controller\\Installer\\Api\\MigrationAPI::handle","_route":"api_installer_migration"},"request_uri":"http://localhost:8081/orangehrm/installer/index.php/installer/api/installation/migration","method":"POST"} []
[2024-11-12T17:30:31.969531+01:00] installer.INFO: {"version":"4.10.1"} [] []
[2024-11-12T17:30:32.046676+01:00] installer.INFO: Instance details: {"os":{"os":"Windows NT","release_name":"10.0","version_info":"build 19043 (Windows 10)"},"php":{"version":"8.0.30"},"mysql":{"client_version":"mysqlnd 8.0.30","server_version":"5.7.11","conn_type":"localhost via TCP\/IP"},"server":"Apache\/2.4.58 (Win64) OpenSSL\/3.1.3 PHP\/8.0.30","ohrm":{"version":"5.6.1"}} [] []
[2024-11-12T17:30:32.074623+01:00] installer.INFO: set_time_limit: success [] []
[2024-11-12T17:30:33.374759+01:00] installer.INFO: Matched route "{route}". {"route":"api_installer_migration","route_parameters":{"_controller":"OrangeHRM\\Installer\\Controller\\Installer\\Api\\MigrationAPI::handle","_route":"api_installer_migration"},"request_uri":"http://localhost:8081/orangehrm/installer/index.php/installer/api/installation/migration","method":"POST"} []
[2024-11-12T17:30:33.389860+01:00] installer.INFO: {"version":"5.0"} [] []
[2024-11-12T17:30:33.447808+01:00] installer.INFO: Instance details: {"os":{"os":"Windows NT","release_name":"10.0","version_info":"build 19043 (Windows 10)"},"php":{"version":"8.0.30"},"mysql":{"client_version":"mysqlnd 8.0.30","server_version":"5.7.11","conn_type":"localhost via TCP\/IP"},"server":"Apache\/2.4.58 (Win64) OpenSSL\/3.1.3 PHP\/8.0.30","ohrm":{"version":"5.6.1"}} [] []
[2024-11-12T17:30:33.471055+01:00] installer.INFO: set_time_limit: success [] []
[2024-11-12T17:30:37.045185+01:00] installer.INFO: set_time_limit: success [] []
[2024-11-12T17:31:37.691651+01:00] installer.INFO: Matched route "{route}". {"route":"api_installer_migration","route_parameters":{"_controller":"OrangeHRM\\Installer\\Controller\\Installer\\Api\\MigrationAPI::handle","_route":"api_installer_migration"},"request_uri":"http://localhost:8081/orangehrm/installer/index.php/installer/api/installation/migration","method":"POST"} []
[2024-11-12T17:31:37.707644+01:00] installer.INFO: {"version":"5.1"} [] []
[2024-11-12T17:31:37.763266+01:00] installer.INFO: Instance details: {"os":{"os":"Windows NT","release_name":"10.0","version_info":"build 19043 (Windows 10)"},"php":{"version":"8.0.30"},"mysql":{"client_version":"mysqlnd 8.0.30","server_version":"5.7.11","conn_type":"localhost via TCP\/IP"},"server":"Apache\/2.4.58 (Win64) OpenSSL\/3.1.3 PHP\/8.0.30","ohrm":{"version":"5.6.1"}} [] []
[2024-11-12T17:31:37.789669+01:00] installer.INFO: set_time_limit: success [] []
[2024-11-12T17:31:51.117679+01:00] installer.INFO: Matched route "{route}". {"route":"api_installer_migration","route_parameters":{"_controller":"OrangeHRM\\Installer\\Controller\\Installer\\Api\\MigrationAPI::handle","_route":"api_installer_migration"},"request_uri":"http://localhost:8081/orangehrm/installer/index.php/installer/api/installation/migration","method":"POST"} []
[2024-11-12T17:31:51.134880+01:00] installer.INFO: {"version":"5.2"} [] []
[2024-11-12T17:31:51.244526+01:00] installer.INFO: Instance details: {"os":{"os":"Windows NT","release_name":"10.0","version_info":"build 19043 (Windows 10)"},"php":{"version":"8.0.30"},"mysql":{"client_version":"mysqlnd 8.0.30","server_version":"5.7.11","conn_type":"localhost via TCP\/IP"},"server":"Apache\/2.4.58 (Win64) OpenSSL\/3.1.3 PHP\/8.0.30","ohrm":{"version":"5.6.1"}} [] []
[2024-11-12T17:31:51.306686+01:00] installer.INFO: set_time_limit: success [] []
[2024-11-12T17:31:59.677030+01:00] installer.INFO: Deleting invalid config values [] []
[2024-11-12T17:32:00.682977+01:00] installer.INFO: Deleting: `https://opensourcehelp.orangehrm.com` => `` from `hs_hr_config` [] []
[2024-11-12T17:32:01.678051+01:00] installer.INFO: Deleting: `ZendeskHelpProcessor` => `` from `hs_hr_config` [] []
[2024-11-12T17:32:01.678675+01:00] installer.INFO: Deleting legacy config values [] []
[2024-11-12T17:32:02.672928+01:00] installer.INFO: Deleting: `ldap_domain_name` => `` from `hs_hr_config` [] []
[2024-11-12T17:32:03.710953+01:00] installer.INFO: Deleting: `ldap_port` => `` from `hs_hr_config` [] []
[2024-11-12T17:32:04.639976+01:00] installer.INFO: Deleting: `ldap_server` => `` from `hs_hr_config` [] []
[2024-11-12T17:32:05.568044+01:00] installer.INFO: Deleting: `ldap_status` => `` from `hs_hr_config` [] []
[2024-11-12T17:32:06.558672+01:00] installer.INFO: Deleting: `beacon.activation_acceptance_status` => `off` from `hs_hr_config` [] []
[2024-11-12T17:32:07.528891+01:00] installer.INFO: Deleting: `beacon.activiation_status` => `off` from `hs_hr_config` [] []
[2024-11-12T17:32:08.530012+01:00] installer.INFO: Deleting: `beacon.company_name` => `` from `hs_hr_config` [] []
[2024-11-12T17:32:09.500219+01:00] installer.INFO: Deleting: `beacon.flash_period` => `120` from `hs_hr_config` [] []
[2024-11-12T17:32:10.483902+01:00] installer.INFO: Deleting: `beacon.lock` => `unlocked` from `hs_hr_config` [] []
[2024-11-12T17:32:11.482563+01:00] installer.INFO: Deleting: `beacon.next_flash_time` => `0000-00-00` from `hs_hr_config` [] []
[2024-11-12T17:32:12.553646+01:00] installer.INFO: Deleting: `beacon.uuid` => `0` from `hs_hr_config` [] []
[2024-11-12T17:32:13.488975+01:00] installer.INFO: Deleting: `showSIN` => `0` from `hs_hr_config` [] []
[2024-11-12T17:32:14.529238+01:00] installer.INFO: Deleting: `showSSN` => `0` from `hs_hr_config` [] []
[2024-11-12T17:32:15.532086+01:00] installer.INFO: Deleting: `showTaxExemptions` => `0` from `hs_hr_config` [] []
[2024-11-12T17:32:16.470381+01:00] installer.INFO: Deleting: `report.mysql_group_concat_max_len` => `2048` from `hs_hr_config` [] []
[2024-11-12T17:32:17.421466+01:00] installer.INFO: Deleting: `attendanceEmpEditSubmitted` => `No` from `hs_hr_config` [] []
[2024-11-12T17:32:18.433257+01:00] installer.INFO: Deleting: `attendanceSupEditSubmitted` => `No` from `hs_hr_config` [] []
[2024-11-12T17:32:19.532175+01:00] installer.INFO: Deleting: `hsp_accrued_last_updated` => `0000-00-00` from `hs_hr_config` [] []
[2024-11-12T17:32:20.539027+01:00] installer.INFO: Deleting: `hsp_current_plan` => `0` from `hs_hr_config` [] []
[2024-11-12T17:32:21.588786+01:00] installer.INFO: Deleting: `hsp_used_last_updated` => `0000-00-00` from `hs_hr_config` [] []
[2024-11-12T17:32:22.922777+01:00] installer.INFO: Matched route "{route}". {"route":"api_installer_migration","route_parameters":{"_controller":"OrangeHRM\\Installer\\Controller\\Installer\\Api\\MigrationAPI::handle","_route":"api_installer_migration"},"request_uri":"http://localhost:8081/orangehrm/installer/index.php/installer/api/installation/migration","method":"POST"} []
[2024-11-12T17:32:22.945971+01:00] installer.INFO: {"version":"5.3"} [] []
[2024-11-12T17:32:23.034994+01:00] installer.INFO: Instance details: {"os":{"os":"Windows NT","release_name":"10.0","version_info":"build 19043 (Windows 10)"},"php":{"version":"8.0.30"},"mysql":{"client_version":"mysqlnd 8.0.30","server_version":"5.7.11","conn_type":"localhost via TCP\/IP"},"server":"Apache\/2.4.58 (Win64) OpenSSL\/3.1.3 PHP\/8.0.30","ohrm":{"version":"5.6.1"}} [] []
[2024-11-12T17:32:23.072253+01:00] installer.INFO: set_time_limit: success [] []
[2024-11-12T17:32:28.742905+01:00] installer.INFO: Server timezone: Europe/Berlin [] []
[2024-11-12T17:32:28.747302+01:00] installer.INFO: `ohrm_buzz_comment` record count: 0 [] []
[2024-11-12T17:32:28.751191+01:00] installer.INFO: `ohrm_buzz_like_on_comment` record count: 0 [] []
[2024-11-12T17:32:28.755064+01:00] installer.INFO: `ohrm_buzz_like_on_share` record count: 0 [] []
[2024-11-12T17:32:28.759156+01:00] installer.INFO: `ohrm_buzz_post` record count: 0 [] []
[2024-11-12T17:32:28.763831+01:00] installer.INFO: `ohrm_buzz_share` record count: 0 [] []
[2024-11-12T17:32:29.135808+01:00] installer.INFO: `ohrm_buzz_link` record count: 0 [] []
[2024-11-12T17:32:29.137484+01:00] installer.INFO: Deleting legacy Buzz config values [] []
[2024-11-12T17:32:30.194436+01:00] installer.INFO: Deleting: `buzz_comment_text_lenth` => `250` from `hs_hr_config` [] []
[2024-11-12T17:32:31.240216+01:00] installer.INFO: Deleting: `buzz_cookie_valid_time` => `5000` from `hs_hr_config` [] []
[2024-11-12T17:32:32.284605+01:00] installer.INFO: Deleting: `buzz_image_max_dimension` => `1024` from `hs_hr_config` [] []
[2024-11-12T17:32:33.229448+01:00] installer.INFO: Deleting: `buzz_initial_comments` => `2` from `hs_hr_config` [] []
[2024-11-12T17:32:34.188365+01:00] installer.INFO: Deleting: `buzz_like_count` => `5` from `hs_hr_config` [] []
[2024-11-12T17:32:35.163735+01:00] installer.INFO: Deleting: `buzz_max_notification_period` => `-1 week` from `hs_hr_config` [] []
[2024-11-12T17:32:36.186325+01:00] installer.INFO: Deleting: `buzz_most_like_posts` => `5` from `hs_hr_config` [] []
[2024-11-12T17:32:37.175917+01:00] installer.INFO: Deleting: `buzz_most_like_shares` => `5` from `hs_hr_config` [] []
[2024-11-12T17:32:38.216512+01:00] installer.INFO: Deleting: `buzz_post_text_lenth` => `500` from `hs_hr_config` [] []
[2024-11-12T17:32:39.117362+01:00] installer.INFO: Deleting: `buzz_post_text_lines` => `5` from `hs_hr_config` [] []
[2024-11-12T17:32:40.244610+01:00] installer.INFO: Deleting: `buzz_refresh_time` => `60000` from `hs_hr_config` [] []
[2024-11-12T17:32:41.166764+01:00] installer.INFO: Deleting: `buzz_share_count` => `10` from `hs_hr_config` [] []
[2024-11-12T17:32:42.208418+01:00] installer.INFO: Deleting: `buzz_time_format` => `h:i a` from `hs_hr_config` [] []
[2024-11-12T17:32:43.282505+01:00] installer.INFO: Deleting: `buzz_viewmore_comment` => `5` from `hs_hr_config` [] []
[2024-11-12T17:32:44.481885+01:00] installer.INFO: Matched route "{route}". {"route":"api_installer_migration","route_parameters":{"_controller":"OrangeHRM\\Installer\\Controller\\Installer\\Api\\MigrationAPI::handle","_route":"api_installer_migration"},"request_uri":"http://localhost:8081/orangehrm/installer/index.php/installer/api/installation/migration","method":"POST"} []
[2024-11-12T17:32:44.497889+01:00] installer.INFO: {"version":"5.4"} [] []
[2024-11-12T17:32:44.559314+01:00] installer.INFO: Instance details: {"os":{"os":"Windows NT","release_name":"10.0","version_info":"build 19043 (Windows 10)"},"php":{"version":"8.0.30"},"mysql":{"client_version":"mysqlnd 8.0.30","server_version":"5.7.11","conn_type":"localhost via TCP\/IP"},"server":"Apache\/2.4.58 (Win64) OpenSSL\/3.1.3 PHP\/8.0.30","ohrm":{"version":"5.6.1"}} [] []
[2024-11-12T17:32:44.586009+01:00] installer.INFO: set_time_limit: success [] []
[2024-11-12T17:32:54.540174+01:00] installer.INFO: Deleting: `authentication.default_required_password_strength` => `strong` from `hs_hr_config` [] []
[2024-11-12T17:32:57.066612+01:00] installer.INFO: Deleting: `authentication.enforce_password_strength` => `on` from `hs_hr_config` [] []
[2024-11-12T17:33:03.655584+01:00] installer.INFO: Matched route "{route}". {"route":"api_installer_migration","route_parameters":{"_controller":"OrangeHRM\\Installer\\Controller\\Installer\\Api\\MigrationAPI::handle","_route":"api_installer_migration"},"request_uri":"http://localhost:8081/orangehrm/installer/index.php/installer/api/installation/migration","method":"POST"} []
[2024-11-12T17:33:03.670646+01:00] installer.INFO: {"version":"5.5"} [] []
[2024-11-12T17:33:03.749355+01:00] installer.INFO: Instance details: {"os":{"os":"Windows NT","release_name":"10.0","version_info":"build 19043 (Windows 10)"},"php":{"version":"8.0.30"},"mysql":{"client_version":"mysqlnd 8.0.30","server_version":"5.7.11","conn_type":"localhost via TCP\/IP"},"server":"Apache\/2.4.58 (Win64) OpenSSL\/3.1.3 PHP\/8.0.30","ohrm":{"version":"5.6.1"}} [] []
[2024-11-12T17:33:03.774295+01:00] installer.INFO: set_time_limit: success [] []
[2024-11-12T17:33:06.910399+01:00] installer.INFO: Matched route "{route}". {"route":"api_installer_migration","route_parameters":{"_controller":"OrangeHRM\\Installer\\Controller\\Installer\\Api\\MigrationAPI::handle","_route":"api_installer_migration"},"request_uri":"http://localhost:8081/orangehrm/installer/index.php/installer/api/installation/migration","method":"POST"} []
[2024-11-12T17:33:06.925713+01:00] installer.INFO: {"version":"5.6"} [] []
[2024-11-12T17:33:07.019754+01:00] installer.INFO: Instance details: {"os":{"os":"Windows NT","release_name":"10.0","version_info":"build 19043 (Windows 10)"},"php":{"version":"8.0.30"},"mysql":{"client_version":"mysqlnd 8.0.30","server_version":"5.7.11","conn_type":"localhost via TCP\/IP"},"server":"Apache\/2.4.58 (Win64) OpenSSL\/3.1.3 PHP\/8.0.30","ohrm":{"version":"5.6.1"}} [] []
[2024-11-12T17:33:07.063303+01:00] installer.INFO: set_time_limit: success [] []
[2024-11-12T17:33:09.063076+01:00] installer.INFO: Matched route "{route}". {"route":"api_installer_migration","route_parameters":{"_controller":"OrangeHRM\\Installer\\Controller\\Installer\\Api\\MigrationAPI::handle","_route":"api_installer_migration"},"request_uri":"http://localhost:8081/orangehrm/installer/index.php/installer/api/installation/migration","method":"POST"} []
[2024-11-12T17:33:09.078749+01:00] installer.INFO: {"version":"5.6.1"} [] []
[2024-11-12T17:33:09.153754+01:00] installer.INFO: Instance details: {"os":{"os":"Windows NT","release_name":"10.0","version_info":"build 19043 (Windows 10)"},"php":{"version":"8.0.30"},"mysql":{"client_version":"mysqlnd 8.0.30","server_version":"5.7.11","conn_type":"localhost via TCP\/IP"},"server":"Apache\/2.4.58 (Win64) OpenSSL\/3.1.3 PHP\/8.0.30","ohrm":{"version":"5.6.1"}} [] []
[2024-11-12T17:33:09.196464+01:00] installer.INFO: set_time_limit: success [] []
[2024-11-12T17:33:10.421481+01:00] installer.INFO: Matched route "{route}". {"route":"api_installer_instance_creation","route_parameters":{"_controller":"OrangeHRM\\Installer\\Controller\\Installer\\Api\\InstallationInstanceAPI::handle","_route":"api_installer_instance_creation"},"request_uri":"http://localhost:8081/orangehrm/installer/index.php/installer/api/installation/instance","method":"POST"} []
[2024-11-12T17:33:10.488733+01:00] installer.INFO: Instance details: {"os":{"os":"Windows NT","release_name":"10.0","version_info":"build 19043 (Windows 10)"},"php":{"version":"8.0.30"},"mysql":{"client_version":"mysqlnd 8.0.30","server_version":"5.7.11","conn_type":"localhost via TCP\/IP"},"server":"Apache\/2.4.58 (Win64) OpenSSL\/3.1.3 PHP\/8.0.30","ohrm":{"version":"5.6.1"}} [] []
[2024-11-12T17:33:15.144926+01:00] installer.INFO: Matched route "{route}". {"route":"api_installer_database_user","route_parameters":{"_controller":"OrangeHRM\\Installer\\Controller\\Installer\\Api\\InstallationDatabaseUserAPI::handle","_route":"api_installer_database_user"},"request_uri":"http://localhost:8081/orangehrm/installer/index.php/installer/api/installation/database-user","method":"POST"} []
[2024-11-12T17:33:15.405729+01:00] installer.INFO: Matched route "{route}". {"route":"api_installer_write_config","route_parameters":{"_controller":"OrangeHRM\\Installer\\Controller\\Installer\\Api\\ConfigFileAPI::handle","_route":"api_installer_write_config"},"request_uri":"http://localhost:8081/orangehrm/installer/index.php/installer/api/installation/config-file","method":"POST"} []
[2024-11-12T17:33:15.496253+01:00] installer.INFO: Instance details: {"os":{"os":"Windows NT","release_name":"10.0","version_info":"build 19043 (Windows 10)"},"php":{"version":"8.0.30"},"mysql":{"client_version":"mysqlnd 8.0.30","server_version":"5.7.11","conn_type":"localhost via TCP\/IP"},"server":"Apache\/2.4.58 (Win64) OpenSSL\/3.1.3 PHP\/8.0.30","ohrm":{"version":"5.6.1"}} [] []
[2024-11-12T17:33:30.362167+01:00] installer.INFO: Matched route "{route}". {"route":"installer_complete","route_parameters":{"_controller":"OrangeHRM\\Installer\\Controller\\Installer\\InstallerCompleteController::handle","_route":"installer_complete"},"request_uri":"http://localhost:8081/orangehrm/installer/index.php/installer/complete","method":"GET"} []
[2024-11-12T17:33:30.395725+01:00] installer.INFO: OrangeHRM 5.6.1 status: true [] []
[2024-11-12T17:33:33.749040+01:00] installer.INFO: Matched route "{route}". {"route":"installer_home","route_parameters":{"_controller":"OrangeHRM\\Installer\\Controller\\HomeController::handle","_route":"installer_home"},"request_uri":"http://localhost:8081/orangehrm/installer/index.php/","method":"GET"} []
